<?xml version="1.0" encoding="UTF-8"?>
<!-- Generated by org.testng.reporters.JUnitReportReporter -->
<testsuite hostname="DESKTOP-AE4K9TJ" failures="0" tests="1" name="Gure99BankTestCases" time="2.664" errors="0" timestamp="2023-09-18T20:21:50 AST" skipped="0">
  <testcase classname="Gure99BankTestCases" name="Login_inValid" time="2.664"/>
  <system-out/>
</testsuite> <!-- Gure99BankTestCases -->
